2025-11-12 16:29:15 [main] INFO  c.e.e.service.EmployeeServiceTest - Starting EmployeeServiceTest using Java 21.0.5 with PID 253684 (started by eden in C:\Users\eden\IdeaProjects\employee-system)
2025-11-12 16:29:15 [main] DEBUG c.e.e.service.EmployeeServiceTest - Running with Spring Boot v3.5.7, Spring v6.2.12
2025-11-12 16:29:15 [main] INFO  c.e.e.service.EmployeeServiceTest - No active profile set, falling back to 1 default profile: "default"
2025-11-12 16:29:16 [main] WARN  o.s.b.a.t.ThymeleafAutoConfiguration$DefaultTemplateResolverConfiguration - Cannot find template location: classpath:/templates/ (please add some templates, check your Thymeleaf configuration, or set spring.thymeleaf.check-template-location=false)
2025-11-12 16:29:16 [main] INFO  c.e.e.service.EmployeeServiceTest - Started EmployeeServiceTest in 1.709 seconds (process running for 2.591)
2025-11-12 16:29:17 [main] INFO  com.zaxxer.hikari.HikariDataSource - HikariPool-1 - Starting...
2025-11-12 16:29:17 [main] INFO  com.zaxxer.hikari.pool.HikariPool - HikariPool-1 - Added connection com.mysql.cj.jdbc.ConnectionImpl@72ceafeb
2025-11-12 16:29:17 [main] INFO  com.zaxxer.hikari.HikariDataSource - HikariPool-1 - Start completed.
2025-11-12 16:29:17 [main] DEBUG c.e.e.m.E.selectAllEmployee - ==>  Preparing: SELECT * FROM employee e join department d on e.department_id=d.department_id
2025-11-12 16:29:17 [main] DEBUG c.e.e.m.E.selectAllEmployee - ==> Parameters: 
2025-11-12 16:29:17 [main] DEBUG c.e.e.m.E.selectAllEmployee - <==      Total: 3
2025-11-12 16:29:17 [main] WARN  EmployeeServiceTest - tom
2025-11-12 16:29:17 [main] WARN  EmployeeServiceTest - jack
2025-11-12 16:29:17 [main] WARN  EmployeeServiceTest - mike
2025-11-12 16:29:17 [SpringApplicationShutdownHook] INFO  com.zaxxer.hikari.HikariDataSource - HikariPool-1 - Shutdown initiated...
2025-11-12 16:29:17 [SpringApplicationShutdownHook] INFO  com.zaxxer.hikari.HikariDataSource - HikariPool-1 - Shutdown completed.
2025-11-13 14:36:34 [restartedMain] INFO  c.e.e.EmployeeSystemApplication - Starting EmployeeSystemApplication using Java 21.0.5 with PID 256048 (C:\Users\eden\Desktop\1223\employee-sys-backend\target\classes started by eden in C:\Users\eden\Desktop\1223\employee-sys-backend)
2025-11-13 14:36:34 [restartedMain] DEBUG c.e.e.EmployeeSystemApplication - Running with Spring Boot v3.5.7, Spring v6.2.12
2025-11-13 14:36:34 [restartedMain] INFO  c.e.e.EmployeeSystemApplication - No active profile set, falling back to 1 default profile: "default"
2025-11-13 14:36:34 [restartedMain] INFO  o.s.b.d.e.DevToolsPropertyDefaultsPostProcessor - Devtools property defaults active! Set 'spring.devtools.add-properties' to 'false' to disable
2025-11-13 14:36:34 [restartedMain] INFO  o.s.b.d.e.DevToolsPropertyDefaultsPostProcessor - For additional web related logging consider setting the 'logging.level.web' property to 'DEBUG'
2025-11-13 14:36:35 [restartedMain] INFO  o.s.b.w.e.tomcat.TomcatWebServer - Tomcat initialized with port 8080 (http)
2025-11-13 14:36:35 [restartedMain] INFO  o.a.coyote.http11.Http11NioProtocol - Initializing ProtocolHandler ["http-nio-8080"]
2025-11-13 14:36:35 [restartedMain] INFO  o.a.catalina.core.StandardService - Starting service [Tomcat]
2025-11-13 14:36:35 [restartedMain] INFO  o.a.catalina.core.StandardEngine - Starting Servlet engine: [Apache Tomcat/10.1.48]
2025-11-13 14:36:35 [restartedMain] INFO  o.a.c.c.C.[Tomcat].[localhost].[/] - Initializing Spring embedded WebApplicationContext
2025-11-13 14:36:35 [restartedMain] INFO  o.s.b.w.s.c.ServletWebServerApplicationContext - Root WebApplicationContext: initialization completed in 891 ms
2025-11-13 14:36:35 [restartedMain] WARN  o.s.b.a.t.ThymeleafAutoConfiguration$DefaultTemplateResolverConfiguration - Cannot find template location: classpath:/templates/ (please add some templates, check your Thymeleaf configuration, or set spring.thymeleaf.check-template-location=false)
2025-11-13 14:36:35 [restartedMain] INFO  o.s.b.d.a.OptionalLiveReloadServer - LiveReload server is running on port 35729
2025-11-13 14:36:35 [restartedMain] INFO  o.a.coyote.http11.Http11NioProtocol - Starting ProtocolHandler ["http-nio-8080"]
2025-11-13 14:36:35 [restartedMain] INFO  o.s.b.w.e.tomcat.TomcatWebServer - Tomcat started on port 8080 (http) with context path '/'
2025-11-13 14:36:35 [restartedMain] INFO  c.e.e.EmployeeSystemApplication - Started EmployeeSystemApplication in 2.129 seconds (process running for 2.897)
2025-11-13 14:37:25 [File Watcher] INFO  o.s.b.d.a.LocalDevToolsAutoConfiguration$RestartingClassPathChangeChangedEventListener - Restarting due to 9 class path changes (0 additions, 8 deletions, 1 modification)
2025-11-13 14:37:25 [Thread-5] INFO  o.s.b.w.e.tomcat.GracefulShutdown - Commencing graceful shutdown. Waiting for active requests to complete
2025-11-13 14:37:25 [tomcat-shutdown] INFO  o.a.coyote.http11.Http11NioProtocol - Pausing ProtocolHandler ["http-nio-8080"]
2025-11-13 14:37:25 [tomcat-shutdown] INFO  o.s.b.w.e.tomcat.GracefulShutdown - Graceful shutdown complete
2025-11-13 14:37:25 [Thread-5] INFO  o.a.coyote.http11.Http11NioProtocol - Stopping ProtocolHandler ["http-nio-8080"]
2025-11-13 14:37:25 [restartedMain] INFO  c.e.e.EmployeeSystemApplication - Starting EmployeeSystemApplication using Java 21.0.5 with PID 256048 (C:\Users\eden\Desktop\1223\employee-sys-backend\target\classes started by eden in C:\Users\eden\Desktop\1223\employee-sys-backend)
2025-11-13 14:37:25 [restartedMain] DEBUG c.e.e.EmployeeSystemApplication - Running with Spring Boot v3.5.7, Spring v6.2.12
2025-11-13 14:37:25 [restartedMain] INFO  c.e.e.EmployeeSystemApplication - No active profile set, falling back to 1 default profile: "default"
2025-11-13 14:37:25 [restartedMain] INFO  o.s.b.w.e.tomcat.TomcatWebServer - Tomcat initialized with port 8080 (http)
2025-11-13 14:37:25 [restartedMain] INFO  o.a.coyote.http11.Http11NioProtocol - Initializing ProtocolHandler ["http-nio-8080"]
2025-11-13 14:37:25 [restartedMain] INFO  o.a.catalina.core.StandardService - Starting service [Tomcat]
2025-11-13 14:37:25 [restartedMain] INFO  o.a.catalina.core.StandardEngine - Starting Servlet engine: [Apache Tomcat/10.1.48]
2025-11-13 14:37:25 [restartedMain] INFO  o.a.c.c.C.[Tomcat].[localhost].[/] - Initializing Spring embedded WebApplicationContext
2025-11-13 14:37:25 [restartedMain] INFO  o.s.b.w.s.c.ServletWebServerApplicationContext - Root WebApplicationContext: initialization completed in 295 ms
2025-11-13 14:37:25 [restartedMain] WARN  o.s.b.a.t.ThymeleafAutoConfiguration$DefaultTemplateResolverConfiguration - Cannot find template location: classpath:/templates/ (please add some templates, check your Thymeleaf configuration, or set spring.thymeleaf.check-template-location=false)
2025-11-13 14:37:26 [restartedMain] INFO  o.s.b.d.a.OptionalLiveReloadServer - LiveReload server is running on port 35729
2025-11-13 14:37:26 [restartedMain] INFO  o.a.coyote.http11.Http11NioProtocol - Starting ProtocolHandler ["http-nio-8080"]
2025-11-13 14:37:26 [restartedMain] INFO  o.s.b.w.e.tomcat.TomcatWebServer - Tomcat started on port 8080 (http) with context path '/'
2025-11-13 14:37:26 [restartedMain] INFO  c.e.e.EmployeeSystemApplication - Started EmployeeSystemApplication in 0.481 seconds (process running for 53.134)
2025-11-13 14:37:26 [restartedMain] INFO  o.s.b.d.a.ConditionEvaluationDeltaLoggingListener - Condition evaluation unchanged
2025-11-13 14:37:27 [File Watcher] INFO  o.s.b.d.a.LocalDevToolsAutoConfiguration$RestartingClassPathChangeChangedEventListener - Restarting due to 8 class path changes (8 additions, 0 deletions, 0 modifications)
2025-11-13 14:37:27 [Thread-7] INFO  o.s.b.w.e.tomcat.GracefulShutdown - Commencing graceful shutdown. Waiting for active requests to complete
2025-11-13 14:37:27 [tomcat-shutdown] INFO  o.a.coyote.http11.Http11NioProtocol - Pausing ProtocolHandler ["http-nio-8080"]
2025-11-13 14:37:27 [tomcat-shutdown] INFO  o.s.b.w.e.tomcat.GracefulShutdown - Graceful shutdown complete
2025-11-13 14:37:27 [Thread-7] INFO  o.a.coyote.http11.Http11NioProtocol - Stopping ProtocolHandler ["http-nio-8080"]
2025-11-13 14:37:27 [restartedMain] INFO  c.e.e.EmployeeSystemApplication - Starting EmployeeSystemApplication using Java 21.0.5 with PID 256048 (C:\Users\eden\Desktop\1223\employee-sys-backend\target\classes started by eden in C:\Users\eden\Desktop\1223\employee-sys-backend)
2025-11-13 14:37:27 [restartedMain] DEBUG c.e.e.EmployeeSystemApplication - Running with Spring Boot v3.5.7, Spring v6.2.12
2025-11-13 14:37:27 [restartedMain] INFO  c.e.e.EmployeeSystemApplication - No active profile set, falling back to 1 default profile: "default"
2025-11-13 14:37:27 [restartedMain] INFO  o.s.b.w.e.tomcat.TomcatWebServer - Tomcat initialized with port 8080 (http)
2025-11-13 14:37:27 [restartedMain] INFO  o.a.coyote.http11.Http11NioProtocol - Initializing ProtocolHandler ["http-nio-8080"]
2025-11-13 14:37:27 [restartedMain] INFO  o.a.catalina.core.StandardService - Starting service [Tomcat]
2025-11-13 14:37:27 [restartedMain] INFO  o.a.catalina.core.StandardEngine - Starting Servlet engine: [Apache Tomcat/10.1.48]
2025-11-13 14:37:27 [restartedMain] INFO  o.a.c.c.C.[Tomcat].[localhost].[/] - Initializing Spring embedded WebApplicationContext
2025-11-13 14:37:27 [restartedMain] INFO  o.s.b.w.s.c.ServletWebServerApplicationContext - Root WebApplicationContext: initialization completed in 196 ms
2025-11-13 14:37:27 [restartedMain] WARN  o.s.b.a.t.ThymeleafAutoConfiguration$DefaultTemplateResolverConfiguration - Cannot find template location: classpath:/templates/ (please add some templates, check your Thymeleaf configuration, or set spring.thymeleaf.check-template-location=false)
2025-11-13 14:37:27 [restartedMain] INFO  o.s.b.d.a.OptionalLiveReloadServer - LiveReload server is running on port 35729
2025-11-13 14:37:27 [restartedMain] INFO  o.a.coyote.http11.Http11NioProtocol - Starting ProtocolHandler ["http-nio-8080"]
2025-11-13 14:37:27 [restartedMain] INFO  o.s.b.w.e.tomcat.TomcatWebServer - Tomcat started on port 8080 (http) with context path '/'
2025-11-13 14:37:27 [restartedMain] INFO  c.e.e.EmployeeSystemApplication - Started EmployeeSystemApplication in 0.321 seconds (process running for 54.91)
2025-11-13 14:37:27 [restartedMain] INFO  o.s.b.d.a.ConditionEvaluationDeltaLoggingListener - Condition evaluation unchanged
2025-11-13 14:40:20 [http-nio-8080-exec-1] INFO  o.a.c.c.C.[Tomcat].[localhost].[/] - Initializing Spring DispatcherServlet 'dispatcherServlet'
2025-11-13 14:40:20 [http-nio-8080-exec-1] INFO  o.s.web.servlet.DispatcherServlet - Initializing Servlet 'dispatcherServlet'
2025-11-13 14:40:20 [http-nio-8080-exec-1] INFO  o.s.web.servlet.DispatcherServlet - Completed initialization in 1 ms
2025-11-13 14:40:20 [http-nio-8080-exec-1] INFO  com.zaxxer.hikari.HikariDataSource - HikariPool-1 - Starting...
2025-11-13 14:40:20 [http-nio-8080-exec-1] INFO  com.zaxxer.hikari.pool.HikariPool - HikariPool-1 - Added connection com.mysql.cj.jdbc.ConnectionImpl@45d69817
2025-11-13 14:40:20 [http-nio-8080-exec-1] INFO  com.zaxxer.hikari.HikariDataSource - HikariPool-1 - Start completed.
2025-11-13 14:40:20 [http-nio-8080-exec-1] DEBUG c.e.e.m.E.selectAllEmployee - ==>  Preparing: SELECT * FROM employee e join department d on e.department_id=d.department_id
2025-11-13 14:40:20 [http-nio-8080-exec-1] DEBUG c.e.e.m.E.selectAllEmployee - ==> Parameters: 
2025-11-13 14:40:20 [http-nio-8080-exec-1] DEBUG c.e.e.m.E.selectAllEmployee - <==      Total: 3
2025-11-13 14:42:28 [SpringApplicationShutdownHook] INFO  o.s.b.w.e.tomcat.GracefulShutdown - Commencing graceful shutdown. Waiting for active requests to complete
2025-11-13 14:42:28 [tomcat-shutdown] INFO  o.s.b.w.e.tomcat.GracefulShutdown - Graceful shutdown complete
2025-11-13 14:42:28 [SpringApplicationShutdownHook] INFO  com.zaxxer.hikari.HikariDataSource - HikariPool-1 - Shutdown initiated...
2025-11-13 14:42:28 [SpringApplicationShutdownHook] INFO  com.zaxxer.hikari.HikariDataSource - HikariPool-1 - Shutdown completed.
